<?xml version="1.0" encoding="UTF-8" ?>
<!DOCTYPE log4j:configuration SYSTEM "log4j.dtd">

<log4j:configuration xmlns:log4j="http://jakarta.apache.org/log4j/">
  <appender name="console" class="org.apache.log4j.ConsoleAppender">
    <param name="Target" value="System.out"/>
    <layout class="org.apache.log4j.PatternLayout">
      <param name="ConversionPattern" value="%d{ISO8601} [%p] [%x] [%t] [%c{1}] %m%n"/>
    </layout>
  </appender>

  <category name="org.apache.commons.beanutils">
    <priority value="WARN"/>
  </category>

  <!-- MAYBE activate later
  <category name="org.apache.http">
    <priority value="INFO"/>
  </category>

  <category name="org.mortbay">
    <priority value="INFO"/>
  </category>

  <category name="org.jboss.resteasy">
    <priority value="INFO"/>
  </category>
  <category name="bitronix">
    <priority value="INFO"/>
  </category>

  <category name="org.quartz">
    <priority value="INFO"/>
  </category>
  <category name="org.jboss.resteasy.core.SynchronousDispatcher">
    <priority value="ERROR"/>
  </category>
  -->

  <root>
    <appender-ref ref="console"/>
  </root>
</log4j:configuration>
 