<?xml version="1.0" encoding="UTF-8" ?>
<!--
  ~ Copyright open knowledge GmbH
  ~
  ~ Licensed under the Apache License, Version 2.0 (the "License");
  ~ you may not use this file except in compliance with the License.
  ~ You may obtain a copy of the License at
  ~
  ~     http://www.apache.org/licenses/LICENSE-2.0
  ~
  ~ Unless required by applicable law or agreed to in writing, software
  ~ distributed under the License is distributed on an "AS IS" BASIS,
  ~ WITHOUT WARRANTIES OR CONDITIONS OF ANY KIND, either express or implied.
  ~ See the License for the specific language governing permissions and
  ~ limitations under the License.
  -->

<!DOCTYPE log4j:configuration SYSTEM "log4j.dtd">

<log4j:configuration xmlns:log4j="http://jakarta.apache.org/log4j/">
  <appender name="console" class="org.apache.log4j.ConsoleAppender">
    <param name="Target" value="System.out"/>
    <layout class="org.apache.log4j.PatternLayout">
      <param name="ConversionPattern" value="%d{ISO8601} [%p] [%x] [%t] [%c{1}] %m%n"/>
    </layout>
  </appender>

  <category name="org.apache.commons.beanutils">
    <priority value="WARN"/>
  </category>

  <category name="org.apache.commons.digester">
    <priority value="WARN"/>
  </category>

  <category name="org.apache.http">
    <priority value="INFO"/>
  </category>

  <category name="org.mortbay">
    <priority value="INFO"/>
  </category>

  <category name="org.jboss.resteasy">
    <priority value="INFO"/>
  </category>
  <category name="bitronix">
    <priority value="INFO"/>
  </category>

  <category name="org.quartz">
    <priority value="INFO"/>
  </category>
  <category name="org.jboss.resteasy.core.SynchronousDispatcher">
    <priority value="ERROR"/>
  </category>


  <root>
    <appender-ref ref="console"/>
  </root>
</log4j:configuration>